<?xml version="1.0" encoding="UTF-8"?>
<!-- Generated by org.testng.reporters.JUnitReportReporter -->
<testsuite hostname="AK-Laptop" failures="0" tests="4" name="com.effectivejava.tutorial.effectivejava.item8a9.test3" time="0.012" errors="0" timestamp="2024-08-20T21:45:18 TRT" skipped="0">
  <testcase classname="com.effectivejava.tutorial.effectivejava.item8a9.test3" name="t" time="0.001"/>
  <testcase classname="com.effectivejava.tutorial.effectivejava.item8a9.test3" name="pu" time="0.008"/>
  <testcase classname="com.effectivejava.tutorial.effectivejava.item8a9.test3" name="pub" time="0.001"/>
  <testcase classname="com.effectivejava.tutorial.effectivejava.item8a9.test3" name="s" time="0.002"/>
</testsuite> <!-- com.effectivejava.tutorial.effectivejava.item8a9.test3 -->
